生成启动时间为 2018/11/29 9:22:49。
     1>项目“F:\work\C\temp\data2txt\data2txt.vcxproj”在节点 2 上(build 个目标)。
     1>InitializeBuildStatus:
         正在创建“Debug\data2txt.unsuccessfulbuild”，因为已指定“AlwaysCreate”。
       ClCompile:
         所有输出均为最新。
         D:\Microsoft Visual Studio 10.0\VC\bin\CL.exe /c /ZI /nologo /W3 /WX- /Od /Oy- /D WIN32 /D _DEBUG /D _CONSOLE /D _UNICODE /D UNICODE /Gm /EHsc /RTC1 /MDd /GS /fp:precise /Zc:wchar_t /Zc:forScope /Yu"StdAfx.h" /Fp"Debug\data2txt.pch" /Fo"Debug\\" /Fd"Debug\vc100.pdb" /Gd /TP /analyze- /errorReport:prompt data2txt.cpp
         data2txt.cpp
     1>f:\work\c\temp\data2txt\data2txt.cpp(18): warning C4996: 'fopen': This function or variable may be unsafe. Consider using fopen_s instead. To disable deprecation, use _CRT_SECURE_NO_WARNINGS. See online help for details.
                 d:\microsoft visual studio 10.0\vc\include\stdio.h(234) : 参见“fopen”的声明
       ManifestResourceCompile:
         所有输出均为最新。
       Link:
         D:\Microsoft Visual Studio 10.0\VC\bin\link.exe /ERRORREPORT:PROMPT /OUT:"F:\work\C\temp\Debug\data2txt.exe" /INCREMENTAL /NOLOGO kernel32.lib user32.lib gdi32.lib winspool.lib comdlg32.lib advapi32.lib shell32.lib ole32.lib oleaut32.lib uuid.lib odbc32.lib odbccp32.lib /MANIFEST /ManifestFile:"Debug\data2txt.exe.intermediate.manifest" /MANIFESTUAC:"level='asInvoker' uiAccess='false'" /DEBUG /PDB:"F:\work\C\temp\Debug\data2txt.pdb" /SUBSYSTEM:CONSOLE /TLBID:1 /DYNAMICBASE /NXCOMPAT /IMPLIB:"F:\work\C\temp\Debug\data2txt.lib" /MACHINE:X86 Debug\data2txt.exe.embed.manifest.res
         Debug\data2txt.obj
         Debug\stdafx.obj
       Manifest:
         C:\Program Files (x86)\Microsoft SDKs\Windows\v7.0A\bin\mt.exe /nologo /verbose /out:"Debug\data2txt.exe.embed.manifest" /manifest Debug\data2txt.exe.intermediate.manifest
         所有输出均为最新。
       LinkEmbedManifest:
         所有输出均为最新。
         data2txt.vcxproj -> F:\work\C\temp\Debug\data2txt.exe
       FinalizeBuildStatus:
         正在删除文件“Debug\data2txt.unsuccessfulbuild”。
         正在对“Debug\data2txt.lastbuildstate”执行 Touch 任务。
     1>已完成生成项目“F:\work\C\temp\data2txt\data2txt.vcxproj”(build 个目标)的操作。

生成成功。

已用时间 00:00:00.31
